CRITICAL - 2025-06-01 19:26:29 --> CodeIgniter\View\Exceptions\ViewException: Invalid file: "front/mclaren.php"
[Method: GET, Route: equipo_mclaren]
in SYSTEMPATH\Exceptions\FrameworkException.php on line 39.
 1 SYSTEMPATH\View\View.php(212): CodeIgniter\Exceptions\FrameworkException::forInvalidFile('front/mclaren.php')
 2 SYSTEMPATH\Common.php(1173): CodeIgniter\View\View->render('front/mclaren', [], true)
 3 APPPATH\Controllers\Home.php(43): view('front/mclaren')
 4 SYSTEMPATH\CodeIgniter.php(933): App\Controllers\Home->mclaren()
 5 SYSTEMPATH\CodeIgniter.php(507): CodeIgniter\CodeIgniter->runController(Object(App\Controllers\Home))
 6 SYSTEMPATH\CodeIgniter.php(354): CodeIgniter\CodeIgniter->handleRequest(null, Object(Config\Cache), false)
 7 SYSTEMPATH\Boot.php(334): CodeIgniter\CodeIgniter->run()
 8 SYSTEMPATH\Boot.php(67): CodeIgniter\Boot::runCodeIgniter(Object(CodeIgniter\CodeIgniter))
 9 FCPATH\index.php(59): CodeIgniter\Boot::bootWeb(Object(Config\Paths))
CRITICAL - 2025-06-01 19:26:36 --> CodeIgniter\View\Exceptions\ViewException: Invalid file: "front/mclaren.php"
[Method: GET, Route: equipo_mclaren]
in SYSTEMPATH\Exceptions\FrameworkException.php on line 39.
 1 SYSTEMPATH\View\View.php(212): CodeIgniter\Exceptions\FrameworkException::forInvalidFile('front/mclaren.php')
 2 SYSTEMPATH\Common.php(1173): CodeIgniter\View\View->render('front/mclaren', [], true)
 3 APPPATH\Controllers\Home.php(43): view('front/mclaren')
 4 SYSTEMPATH\CodeIgniter.php(933): App\Controllers\Home->mclaren()
 5 SYSTEMPATH\CodeIgniter.php(507): CodeIgniter\CodeIgniter->runController(Object(App\Controllers\Home))
 6 SYSTEMPATH\CodeIgniter.php(354): CodeIgniter\CodeIgniter->handleRequest(null, Object(Config\Cache), false)
 7 SYSTEMPATH\Boot.php(334): CodeIgniter\CodeIgniter->run()
 8 SYSTEMPATH\Boot.php(67): CodeIgniter\Boot::runCodeIgniter(Object(CodeIgniter\CodeIgniter))
 9 FCPATH\index.php(59): CodeIgniter\Boot::bootWeb(Object(Config\Paths))
